2018-01-23T18:59:25.8363257Z ##[section]Starting: Release
2018-01-23T18:59:25.8363257Z Current agent version: '2.123.0'
2018-01-23T18:59:25.8363257Z ##[debug]Cleaning agent temp folder: e:\BuildAgent\_work\_temp
2018-01-23T18:59:25.8988784Z ##[debug]SET TMP=e:\BuildAgent\_work\_temp
2018-01-23T18:59:25.8988784Z ##[debug]SET TEMP=e:\BuildAgent\_work\_temp
2018-01-23T18:59:26.2272441Z ##[section]Starting: Initialize Job
2018-01-23T18:59:26.2272441Z Prepare release directory.
2018-01-23T18:59:26.2272441Z ReleaseId=125, TeamProjectId=a3128c4a-d429-4697-a815-6f1b8e02fcd1, ReleaseDefinitionName=Release Partial Build to Test
2018-01-23T18:59:26.2429182Z Release folder: e:\BuildAgent\_work\r2\a
2018-01-23T18:59:26.2584867Z Environment variables available are below.  Note that these environment variables can be referred to in the task (in the ReleaseDefinition) by replacing "_" with "." e.g. AGENT_NAME environment variable can be referenced using Agent.Name in the ReleaseDefinition: 
				[AGENT_HOMEDIRECTORY] --> [e:\BuildAgent]
				[AGENT_ID] --> [8]
				[AGENT_JOBNAME] --> [Release]
				[AGENT_MACHINENAME] --> [WebteamDevVM]
				[AGENT_NAME] --> [WebteamBuildAgentOnTest]
				[AGENT_OS] --> [Windows_NT]
				[AGENT_RELEASEDIRECTORY] --> [e:\BuildAgent\_work\r2\a]
				[AGENT_ROOTDIRECTORY] --> [e:\BuildAgent\_work]
				[AGENT_SERVEROMDIRECTORY] --> [e:\BuildAgent\externals\vstsom]
				[AGENT_TEMPDIRECTORY] --> [e:\BuildAgent\_work\_temp]
				[AGENT_TOOLSDIRECTORY] --> [e:\BuildAgent\_work\_tool]
				[AGENT_VERSION] --> [2.123.0]
				[AGENT_WORKFOLDER] --> [e:\BuildAgent\_work]
				[AZURE_HTTP_USER_AGENT] --> [VSTS_4e8936f3-6e71-4a6a-9a67-662f236dcb4a_release_4_125_1365_1]
				[BUILD_BUILDID] --> [421]
				[BUILD_BUILDNUMBER] --> [20180123.1]
				[BUILD_BUILDURI] --> [vstfs:///Build/Build/421]
				[BUILD_DEFINITIONID] --> [26]
				[BUILD_DEFINITIONNAME] --> [Marcom-EktronWebsites_Test_PartialBuild]
				[BUILD_PROJECTID] --> [a3128c4a-d429-4697-a815-6f1b8e02fcd1]
				[BUILD_PROJECTNAME] --> [Marcom]
				[BUILD_REPOSITORY_ID] --> [fd65c623-d00e-458c-becf-466d1c00c9c4]
				[BUILD_REPOSITORY_NAME] --> [EktronWebsites]
				[BUILD_REPOSITORY_PROVIDER] --> [TfsGit]
				[BUILD_REQUESTEDFOR] --> [Stephanie Lu]
				[BUILD_REQUESTEDFORID] --> [97fe1d23-3412-4767-a074-5723d1a41af0]
				[BUILD_SOURCEBRANCH] --> [refs/heads/Test]
				[BUILD_SOURCEBRANCHNAME] --> [Test]
				[BUILD_SOURCEVERSION] --> [9a7b5fd25be83f1db56964af3c7b25e4e78537f9]
				[BUILD_TYPE] --> [Build]
				[MSDEPLOY_HTTP_USER_AGENT] --> [VSTS_4e8936f3-6e71-4a6a-9a67-662f236dcb4a_release_4_125_1365_1]
				[RELEASE_ARTIFACTS_MARCOM-EKTRONWEBSITES_TEST_PARTIALBUILD_BUILDID] --> [421]
				[RELEASE_ARTIFACTS_MARCOM-EKTRONWEBSITES_TEST_PARTIALBUILD_BUILDNUMBER] --> [20180123.1]
				[RELEASE_ARTIFACTS_MARCOM-EKTRONWEBSITES_TEST_PARTIALBUILD_BUILDURI] --> [vstfs:///Build/Build/421]
				[RELEASE_ARTIFACTS_MARCOM-EKTRONWEBSITES_TEST_PARTIALBUILD_DEFINITIONID] --> [26]
				[RELEASE_ARTIFACTS_MARCOM-EKTRONWEBSITES_TEST_PARTIALBUILD_DEFINITIONNAME] --> [Marcom-EktronWebsites_Test_PartialBuild]
				[RELEASE_ARTIFACTS_MARCOM-EKTRONWEBSITES_TEST_PARTIALBUILD_PROJECTID] --> [a3128c4a-d429-4697-a815-6f1b8e02fcd1]
				[RELEASE_ARTIFACTS_MARCOM-EKTRONWEBSITES_TEST_PARTIALBUILD_PROJECTNAME] --> [Marcom]
				[RELEASE_ARTIFACTS_MARCOM-EKTRONWEBSITES_TEST_PARTIALBUILD_REPOSITORY_ID] --> [fd65c623-d00e-458c-becf-466d1c00c9c4]
				[RELEASE_ARTIFACTS_MARCOM-EKTRONWEBSITES_TEST_PARTIALBUILD_REPOSITORY_NAME] --> [EktronWebsites]
				[RELEASE_ARTIFACTS_MARCOM-EKTRONWEBSITES_TEST_PARTIALBUILD_REPOSITORY_PROVIDER] --> [TfsGit]
				[RELEASE_ARTIFACTS_MARCOM-EKTRONWEBSITES_TEST_PARTIALBUILD_REQUESTEDFOR] --> [Stephanie Lu]
				[RELEASE_ARTIFACTS_MARCOM-EKTRONWEBSITES_TEST_PARTIALBUILD_REQUESTEDFORID] --> [97fe1d23-3412-4767-a074-5723d1a41af0]
				[RELEASE_ARTIFACTS_MARCOM-EKTRONWEBSITES_TEST_PARTIALBUILD_SOURCEBRANCH] --> [refs/heads/Test]
				[RELEASE_ARTIFACTS_MARCOM-EKTRONWEBSITES_TEST_PARTIALBUILD_SOURCEBRANCHNAME] --> [Test]
				[RELEASE_ARTIFACTS_MARCOM-EKTRONWEBSITES_TEST_PARTIALBUILD_SOURCEVERSION] --> [9a7b5fd25be83f1db56964af3c7b25e4e78537f9]
				[RELEASE_ARTIFACTS_MARCOM-EKTRONWEBSITES_TEST_PARTIALBUILD_TYPE] --> [Build]
				[RELEASE_ATTEMPTNUMBER] --> [1]
				[RELEASE_DEFINITIONENVIRONMENTID] --> [4]
				[RELEASE_DEFINITIONID] --> [4]
				[RELEASE_DEFINITIONNAME] --> [Release Partial Build to Test]
				[RELEASE_DEPLOYMENT_REQUESTEDFOR] --> [Stephanie Lu]
				[RELEASE_DEPLOYMENT_REQUESTEDFOREMAIL] --> [stephanie.lu@milliman.com]
				[RELEASE_DEPLOYMENT_REQUESTEDFORID] --> [97fe1d23-3412-4767-a074-5723d1a41af0]
				[RELEASE_DEPLOYMENT_STARTTIME] --> [2018-01-23 18:59:19Z]
				[RELEASE_DEPLOYMENTID] --> [799]
				[RELEASE_DEPLOYPHASEID] --> [792]
				[RELEASE_ENVIRONMENTID] --> [1365]
				[RELEASE_ENVIRONMENTNAME] --> [Release for Ektron Websites on Test Started]
				[RELEASE_ENVIRONMENTS_POST_SLACK_MESSAGE_STATUS] --> [NotStarted]
				[RELEASE_ENVIRONMENTS_RELEASE_FOR_EKTRON_WEBSITES_ON_TEST_STARTED_STATUS] --> [InProgress]
				[RELEASE_ENVIRONMENTS_RESTART_ACTUARIALSOFTWARE_COM_STATUS] --> [NotStarted]
				[RELEASE_ENVIRONMENTS_RESTART_AE_MILLIMAN_COM_STATUS] --> [NotStarted]
				[RELEASE_ENVIRONMENTS_RESTART_AU_MILLIMAN_COM_STATUS] --> [NotStarted]
				[RELEASE_ENVIRONMENTS_RESTART_BE_MILLIMAN_COM_STATUS] --> [NotStarted]
				[RELEASE_ENVIRONMENTS_RESTART_BR_MILLIMAN_COM_STATUS] --> [NotStarted]
				[RELEASE_ENVIRONMENTS_RESTART_CAREERS_MILLIMAN_COM_STATUS] --> [NotStarted]
				[RELEASE_ENVIRONMENTS_RESTART_CH_MILLIMAN_COM_STATUS] --> [NotStarted]
				[RELEASE_ENVIRONMENTS_RESTART_COOP401KPLAN_COM_STATUS] --> [NotStarted]
				[RELEASE_ENVIRONMENTS_RESTART_DE_MILLIMAN_COM_STATUS] --> [NotStarted]
				[RELEASE_ENVIRONMENTS_RESTART_ES_MILLIMAN_COM_STATUS] --> [NotStarted]
				[RELEASE_ENVIRONMENTS_RESTART_FR_MILLIMAN_COM_STATUS] --> [NotStarted]
				[RELEASE_ENVIRONMENTS_RESTART_ID_MILLIMAN_COM_STATUS] --> [NotStarted]
				[RELEASE_ENVIRONMENTS_RESTART_IE_MILLIMAN_COM_STATUS] --> [NotStarted]
				[RELEASE_ENVIRONMENTS_RESTART_IN_MILLIMAN_COM_STATUS] --> [NotStarted]
				[RELEASE_ENVIRONMENTS_RESTART_INTEGRATE-SOLUTIONS_COM_STATUS] --> [NotStarted]
				[RELEASE_ENVIRONMENTS_RESTART_IT_MILLIMAN_COM_STATUS] --> [NotStarted]
				[RELEASE_ENVIRONMENTS_RESTART_JP_MILLIMAN_COM_STATUS] --> [NotStarted]
				[RELEASE_ENVIRONMENTS_RESTART_KR_MILLIMAN_COM_STATUS] --> [NotStarted]
				[RELEASE_ENVIRONMENTS_RESTART_MEDINSIGHT_MILLIMAN_COM_STATUS] --> [NotStarted]
				[RELEASE_ENVIRONMENTS_RESTART_MILLIMANRISKADJUSTMENT_COM_STATUS] --> [NotStarted]
				[RELEASE_ENVIRONMENTS_RESTART_NL_MILLIMAN_COM_STATUS] --> [NotStarted]
				[RELEASE_ENVIRONMENTS_RESTART_PL_MILLIMAN_COM_STATUS] --> [NotStarted]
				[RELEASE_ENVIRONMENTS_RESTART_RO_MILLIMAN_COM_STATUS] --> [NotStarted]
				[RELEASE_ENVIRONMENTS_RESTART_RXHISTORIES_COM_STATUS] --> [NotStarted]
				[RELEASE_ENVIRONMENTS_RESTART_SE_MILLIMAN_COM_STATUS] --> [NotStarted]
				[RELEASE_ENVIRONMENTS_RESTART_SG_MILLIMAN_COM_STATUS] --> [NotStarted]
				[RELEASE_ENVIRONMENTS_RESTART_UK_MILLIMAN_COM_STATUS] --> [NotStarted]
				[RELEASE_ENVIRONMENTS_RESTART_US_MILLIMAN_COM_STATUS] --> [NotStarted]
				[RELEASE_ENVIRONMENTS_RESTART_WELCOME_MILLIMAN_COM_STATUS] --> [NotStarted]
				[RELEASE_ENVIRONMENTS_RESTART_WWW_MILLIMAN_COM_STATUS] --> [NotStarted]
				[RELEASE_ENVIRONMENTS_RESTART_ZA_MILLIMAN_COM_STATUS] --> [NotStarted]
				[RELEASE_ENVIRONMENTURI] --> [vstfs:///ReleaseManagement/Environment/1365]
				[RELEASE_REASON] --> [ContinuousIntegration]
				[RELEASE_RELEASEDESCRIPTION] --> [Triggered by Marcom-EktronWebsites_Test_PartialBuild 20180123.1.]
				[RELEASE_RELEASEID] --> [125]
				[RELEASE_RELEASENAME] --> [Release-47]
				[RELEASE_RELEASEURI] --> [vstfs:///ReleaseManagement/Release/125]
				[RELEASE_RELEASEWEBURL] --> [https://milliman.visualstudio.com/a3128c4a-d429-4697-a815-6f1b8e02fcd1/_release?releaseId=125&_a=release-summary]
				[RELEASE_REQUESTEDFOR] --> [Stephanie Lu]
				[RELEASE_REQUESTEDFOREMAIL] --> [stephanie.lu@milliman.com]
				[RELEASE_REQUESTEDFORID] --> [97fe1d23-3412-4767-a074-5723d1a41af0]
				[RELEASE_SKIPARTIFACTSDOWNLOAD] --> [False]
				[RELEASE_TRIGGERINGARTIFACT_ALIAS] --> [Marcom-EktronWebsites_Test_PartialBuild]
				[REQUESTEDFORID] --> [97fe1d23-3412-4767-a074-5723d1a41af0]
				[SLACKAPITOKEN] --> [xoxp-204450336738-204549563061-283558645284-8be112b509247d0a67c901ed28c7c622]
				[SYSTEM] --> [release]
				[SYSTEM_ARTIFACTSDIRECTORY] --> [e:\BuildAgent\_work\r2\a]
				[SYSTEM_COLLECTIONID] --> [4e8936f3-6e71-4a6a-9a67-662f236dcb4a]
				[SYSTEM_CULTURE] --> [en-US]
				[SYSTEM_DEBUG] --> [true]
				[SYSTEM_DEFAULTWORKINGDIRECTORY] --> [e:\BuildAgent\_work\r2\a]
				[SYSTEM_ENABLEACCESSTOKEN] --> [False]
				[SYSTEM_HOSTTYPE] --> [release]
				[SYSTEM_JOBID] --> [a45b9a72-e399-4942-9072-9a91f3b7fafd]
				[SYSTEM_JOBPOSITIONINPHASE] --> [1]
				[SYSTEM_PARALLELEXECUTIONTYPE] --> [None]
				[SYSTEM_PLANID] --> [074d94e2-7f05-4965-93ea-35c36ed501c8]
				[SYSTEM_TASKDEFINITIONSURI] --> [https://milliman.visualstudio.com/]
				[SYSTEM_TEAMFOUNDATIONCOLLECTIONURI] --> [https://milliman.visualstudio.com/]
				[SYSTEM_TEAMFOUNDATIONSERVERURI] --> [https://milliman.vsrm.visualstudio.com/]
				[SYSTEM_TEAMPROJECT] --> [Marcom]
				[SYSTEM_TEAMPROJECTID] --> [a3128c4a-d429-4697-a815-6f1b8e02fcd1]
				[SYSTEM_TIMELINEID] --> [074d94e2-7f05-4965-93ea-35c36ed501c8]
				[SYSTEM_TOTALJOBSINPHASE] --> [1]
				[SYSTEM_WORKFOLDER] --> [e:\BuildAgent\_work]
				[TESTSTAGINGFOLDER] --> [E:\BuildAgent\TestDeployed]
				[TESTVMWEBSITESFOLDER] --> [E:\Websites]
2018-01-23T18:59:26.2584867Z Download all required tasks.
2018-01-23T18:59:26.2741323Z ##[debug]Task 'DownloadBuildArtifacts' already downloaded at 'e:\BuildAgent\_work\_tasks\DownloadBuildArtifacts_a433f589-fce1-4460-9ee6-44a624aeb1fb\0.127.7'.
2018-01-23T18:59:26.2741323Z ##[debug]Task 'ExtractFiles' already downloaded at 'e:\BuildAgent\_work\_tasks\ExtractFiles_5e1e3830-fbfb-11e5-aab1-090c92bc4988\1.112.2'.
2018-01-23T18:59:26.2741323Z ##[debug]Task 'CopyFiles' already downloaded at 'e:\BuildAgent\_work\_tasks\CopyFiles_5bfb729a-a7c8-4a78-a7c3-8d717bb7c13c\2.117.0'.
2018-01-23T18:59:26.2741323Z ##[debug]Task 'SlackPoster' already downloaded at 'e:\BuildAgent\_work\_tasks\SlackPoster_398b1090-7cc7-11e6-b655-c7bacebec48d\2.0.6'.
2018-01-23T18:59:26.2741323Z ##[debug]Task 'Extract Websites files' has following condition: 'succeeded()'.
2018-01-23T18:59:26.2741323Z ##[debug]Parsing expression: <succeeded()>
2018-01-23T18:59:26.2897998Z ##[debug]succeeded
2018-01-23T18:59:26.2897998Z ##[debug](
2018-01-23T18:59:26.2897998Z ##[debug])
2018-01-23T18:59:26.2897998Z ##[debug]Task 'Copy Files to: E:\Websites ' has following condition: 'succeeded()'.
2018-01-23T18:59:26.2897998Z ##[debug]Parsing expression: <succeeded()>
2018-01-23T18:59:26.2897998Z ##[debug]succeeded
2018-01-23T18:59:26.2897998Z ##[debug](
2018-01-23T18:59:26.2897998Z ##[debug])
2018-01-23T18:59:26.2897998Z ##[debug]Task 'Post to Slack to devqa' has following condition: 'succeeded()'.
2018-01-23T18:59:26.2897998Z ##[debug]Parsing expression: <succeeded()>
2018-01-23T18:59:26.2897998Z ##[debug]succeeded
2018-01-23T18:59:26.2897998Z ##[debug](
2018-01-23T18:59:26.2897998Z ##[debug])
2018-01-23T18:59:26.3054432Z ##[section]Finishing: Initialize Job
2018-01-23T18:59:26.3367079Z ##[debug]Evaluating condition for step: 'Download Artifacts'
2018-01-23T18:59:26.3367079Z ##[debug]Evaluating: succeeded()
2018-01-23T18:59:26.3367079Z ##[debug]Evaluating succeeded:
2018-01-23T18:59:26.3367079Z ##[debug]=> (Boolean) True
2018-01-23T18:59:26.3523508Z ##[debug]Expanded: True
2018-01-23T18:59:26.3523508Z ##[debug]Result: True
2018-01-23T18:59:26.3523508Z ##[section]Starting: Download Artifacts
2018-01-23T18:59:27.6344234Z Downloading artifact
2018-01-23T18:59:27.6344234Z Creating artifacts directory: e:\BuildAgent\_work\r2\a
2018-01-23T18:59:27.6500243Z Created artifacts directory: e:\BuildAgent\_work\r2\a
2018-01-23T18:59:27.6500243Z Finished artifacts download
2018-01-23T18:59:27.6500243Z Downloading commits
2018-01-23T18:59:27.6500243Z ##[section]Finishing: Download Artifacts
2018-01-23T18:59:27.6657673Z ##[debug]Evaluating condition for step: 'Download artifact - Marcom-EktronWebsites_Test_PartialBuild'
2018-01-23T18:59:27.6657673Z ##[debug]Evaluating: succeeded()
2018-01-23T18:59:27.6657673Z ##[debug]Evaluating succeeded:
2018-01-23T18:59:27.6657673Z ##[debug]=> (Boolean) True
2018-01-23T18:59:27.6657673Z ##[debug]Expanded: True
2018-01-23T18:59:27.6657673Z ##[debug]Result: True
2018-01-23T18:59:27.6657673Z ##[section]Starting: Download artifact - Marcom-EktronWebsites_Test_PartialBuild
2018-01-23T18:59:27.6813206Z ==============================================================================
2018-01-23T18:59:27.6813206Z Task         : Download Build Artifacts
2018-01-23T18:59:27.6813206Z Description  : Download Build Artifacts
2018-01-23T18:59:27.6813206Z Version      : 0.127.7
2018-01-23T18:59:27.6813206Z Author       : Microsoft Corporation
2018-01-23T18:59:27.6813206Z Help         : 
2018-01-23T18:59:27.6813206Z ==============================================================================
2018-01-23T18:59:28.1503212Z ##[debug]agent.TempDirectory=e:\BuildAgent\_work\_temp
2018-01-23T18:59:28.1503212Z ##[debug]loading inputs and endpoints
2018-01-23T18:59:28.1503212Z ##[debug]loading ENDPOINT_AUTH_PARAMETER_SYSTEMVSSCONNECTION_ACCESSTOKEN
2018-01-23T18:59:28.1503212Z ##[debug]loading ENDPOINT_AUTH_SCHEME_SYSTEMVSSCONNECTION
2018-01-23T18:59:28.1503212Z ##[debug]loading ENDPOINT_AUTH_SYSTEMVSSCONNECTION
2018-01-23T18:59:28.1503212Z ##[debug]loading INPUT_ARTIFACTNAME
2018-01-23T18:59:28.1503212Z ##[debug]loading INPUT_BUILDID
2018-01-23T18:59:28.1503212Z ##[debug]loading INPUT_BUILDTYPE
2018-01-23T18:59:28.1503212Z ##[debug]loading INPUT_DEFINITION
2018-01-23T18:59:28.1503212Z ##[debug]loading INPUT_DOWNLOADPATH
2018-01-23T18:59:28.1503212Z ##[debug]loading INPUT_DOWNLOADTYPE
2018-01-23T18:59:28.1503212Z ##[debug]loading INPUT_ITEMPATTERN
2018-01-23T18:59:28.1503212Z ##[debug]loading INPUT_PARALLELIZATIONLIMIT
2018-01-23T18:59:28.1503212Z ##[debug]loading INPUT_PROJECT
2018-01-23T18:59:28.1503212Z ##[debug]loaded 12
2018-01-23T18:59:28.1503212Z ##[debug]Agent.ProxyUrl=undefined
2018-01-23T18:59:28.1503212Z ##[debug]Agent.CAInfo=undefined
2018-01-23T18:59:28.1503212Z ##[debug]Agent.ClientCert=undefined
2018-01-23T18:59:28.2910206Z ##[debug]check path : e:\BuildAgent\_work\_tasks\DownloadBuildArtifacts_a433f589-fce1-4460-9ee6-44a624aeb1fb\0.127.7\task.json
2018-01-23T18:59:28.4004580Z ##[debug]set resource file to: e:\BuildAgent\_work\_tasks\DownloadBuildArtifacts_a433f589-fce1-4460-9ee6-44a624aeb1fb\0.127.7\task.json
2018-01-23T18:59:28.4004580Z ##[debug]system.culture=en-US
2018-01-23T18:59:28.4004580Z ##[debug]buildType=specific
2018-01-23T18:59:28.4004580Z ##[debug]project=a3128c4a-d429-4697-a815-6f1b8e02fcd1
2018-01-23T18:59:28.4004580Z ##[debug]definition=26
2018-01-23T18:59:28.4004580Z ##[debug]buildId=421
2018-01-23T18:59:28.4004580Z ##[debug]downloadPath=e:\BuildAgent\_work\r2\a/Marcom-EktronWebsites_Test_PartialBuild
2018-01-23T18:59:28.4004580Z ##[debug]downloadType=specific
2018-01-23T18:59:28.4004580Z ##[debug]System.TeamFoundationCollectionUri=https://milliman.visualstudio.com/
2018-01-23T18:59:28.4004580Z ##[debug]SYSTEMVSSCONNECTION auth param AccessToken = ********
2018-01-23T18:59:28.4004580Z ##[debug]System.Debug=true
2018-01-23T18:59:28.4004580Z ##[debug]parallelizationLimit=8
2018-01-23T18:59:28.4004580Z ##[debug]SYSTEM.HOSTTYPE=release
2018-01-23T18:59:28.4004580Z ##[debug]RELEASE.DEFINITIONNAME=Release Partial Build to Test
2018-01-23T18:59:28.4004580Z ##[debug]RELEASE.RELEASEID=125
2018-01-23T18:59:28.4004580Z ##[debug]RELEASE.RELEASEWEBURL=https://milliman.visualstudio.com/a3128c4a-d429-4697-a815-6f1b8e02fcd1/_release?releaseId=125&_a=release-summary
2018-01-23T18:59:28.4004580Z ##[debug]TASK.DISPLAYNAME=Download artifact - Marcom-EktronWebsites_Test_PartialBuild
2018-01-23T18:59:28.4004580Z ##[debug]SYSTEM.JOBID=a45b9a72-e399-4942-9072-9a91f3b7fafd
2018-01-23T18:59:28.4004580Z ##[debug]AGENT.VERSION=2.123.0
2018-01-23T18:59:29.3925275Z ##[debug]Processed: ##vso[telemetry.publish area=DownloadBuildArtifacts;feature=reliability]{"hostType":"release","definitionName":"Release Partial Build to Test","processId":"125","processUrl":"https://milliman.visualstudio.com/a3128c4a-d429-4697-a815-6f1b8e02fcd1/_release?releaseId=125&_a=release-summary","taskDisplayName":"Download artifact - Marcom-EktronWebsites_Test_PartialBuild","jobid":"a45b9a72-e399-4942-9072-9a91f3b7fafd","agentVersion":"2.123.0","version":{"Major":0,"Minor":127,"Patch":7},"issueType":"error","errorMessage":"\"Build with id 421 not found\""}
2018-01-23T18:59:29.3925275Z ##[debug]task result: Failed
2018-01-23T18:59:29.3985576Z ##[error]Build with id 421 not found
2018-01-23T18:59:29.3985576Z ##[debug]Processed: ##vso[task.issue type=error;]Build with id 421 not found
2018-01-23T18:59:29.4015388Z ##[debug]Processed: ##vso[task.complete result=Failed;]Build with id 421 not found
2018-01-23T18:59:29.4085687Z ##[section]Async Command Start: Telemetry
2018-01-23T18:59:29.4395498Z ##[section]Async Command End: Telemetry
2018-01-23T18:59:29.4395498Z ##[section]Finishing: Download artifact - Marcom-EktronWebsites_Test_PartialBuild
2018-01-23T18:59:29.4485892Z ##[debug]Evaluating condition for step: 'Extract Websites files'
2018-01-23T18:59:29.4485892Z ##[debug]Evaluating: succeeded()
2018-01-23T18:59:29.4485892Z ##[debug]Evaluating succeeded:
2018-01-23T18:59:29.4485892Z ##[debug]=> (Boolean) False
2018-01-23T18:59:29.4485892Z ##[debug]Expanded: False
2018-01-23T18:59:29.4485892Z ##[debug]Result: False
2018-01-23T18:59:29.4555557Z ##[debug]Evaluating condition for step: 'Copy Files to: E:\Websites '
2018-01-23T18:59:29.4555557Z ##[debug]Evaluating: succeeded()
2018-01-23T18:59:29.4555557Z ##[debug]Evaluating succeeded:
2018-01-23T18:59:29.4555557Z ##[debug]=> (Boolean) False
2018-01-23T18:59:29.4555557Z ##[debug]Expanded: False
2018-01-23T18:59:29.4555557Z ##[debug]Result: False
2018-01-23T18:59:29.4626130Z ##[debug]Evaluating condition for step: 'Post to Slack to devqa'
2018-01-23T18:59:29.4626130Z ##[debug]Evaluating: succeeded()
2018-01-23T18:59:29.4626130Z ##[debug]Evaluating succeeded:
2018-01-23T18:59:29.4626130Z ##[debug]=> (Boolean) False
2018-01-23T18:59:29.4626130Z ##[debug]Expanded: False
2018-01-23T18:59:29.4626130Z ##[debug]Result: False
2018-01-23T18:59:29.4746021Z ##[section]Finishing: Release
